mode: atomic
github.com/srivickynesh/light-simulator/internal/config/config.go:44.30,58.38 2 6
github.com/srivickynesh/light-simulator/internal/config/config.go:58.38,60.3 1 2
github.com/srivickynesh/light-simulator/internal/config/config.go:62.2,66.17 4 4
github.com/srivickynesh/light-simulator/internal/config/config.go:72.36,73.25 1 12
github.com/srivickynesh/light-simulator/internal/config/config.go:73.25,75.3 1 3
github.com/srivickynesh/light-simulator/internal/config/config.go:76.2,76.59 1 9
github.com/srivickynesh/light-simulator/internal/config/config.go:76.59,78.3 1 0
github.com/srivickynesh/light-simulator/internal/config/config.go:79.2,80.16 2 9
github.com/srivickynesh/light-simulator/internal/config/config.go:80.16,82.3 1 0
github.com/srivickynesh/light-simulator/internal/config/config.go:83.2,84.65 2 9
github.com/srivickynesh/light-simulator/internal/config/config.go:84.65,86.3 1 0
github.com/srivickynesh/light-simulator/internal/config/config.go:87.2,87.12 1 9
github.com/srivickynesh/light-simulator/internal/config/config.go:91.32,93.2 1 4
github.com/srivickynesh/light-simulator/internal/config/config.go:96.32,98.2 1 2
github.com/srivickynesh/light-simulator/internal/config/config.go:100.42,101.34 1 36
github.com/srivickynesh/light-simulator/internal/config/config.go:101.34,103.3 1 7
github.com/srivickynesh/light-simulator/internal/config/config.go:104.2,104.17 1 29
github.com/srivickynesh/light-simulator/internal/config/config.go:107.43,108.34 1 24
github.com/srivickynesh/light-simulator/internal/config/config.go:108.34,110.17 2 8
github.com/srivickynesh/light-simulator/internal/config/config.go:110.17,112.4 1 1
github.com/srivickynesh/light-simulator/internal/config/config.go:113.3,113.11 1 7
github.com/srivickynesh/light-simulator/internal/config/config.go:115.2,115.17 1 16
github.com/srivickynesh/light-simulator/internal/cheatsheet/guides.go:36.33,122.2 1 3
github.com/srivickynesh/light-simulator/internal/cheatsheet/guides.go:125.39,258.2 1 3
github.com/srivickynesh/light-simulator/internal/cheatsheet/guides.go:261.31,271.2 1 2
github.com/srivickynesh/light-simulator/internal/cheatsheet/presets.go:6.35,36.2 1 18
github.com/srivickynesh/light-simulator/internal/cheatsheet/presets.go:39.53,41.33 2 3
github.com/srivickynesh/light-simulator/internal/cheatsheet/presets.go:41.33,43.3 1 81
github.com/srivickynesh/light-simulator/internal/cheatsheet/presets.go:44.2,44.15 1 3
github.com/srivickynesh/light-simulator/internal/cheatsheet/presets.go:47.32,90.2 1 18
github.com/srivickynesh/light-simulator/internal/cheatsheet/presets.go:92.32,132.2 1 18
github.com/srivickynesh/light-simulator/internal/cheatsheet/presets.go:134.33,169.2 1 18
github.com/srivickynesh/light-simulator/internal/cheatsheet/presets.go:171.35,210.2 1 18
github.com/srivickynesh/light-simulator/internal/cheatsheet/presets.go:212.32,252.2 1 18
github.com/srivickynesh/light-simulator/internal/cheatsheet/presets.go:254.33,292.2 1 18
github.com/srivickynesh/light-simulator/internal/cheatsheet/presets.go:294.33,328.2 1 18
github.com/srivickynesh/light-simulator/internal/cheatsheet/presets.go:330.38,386.2 1 18
github.com/srivickynesh/light-simulator/internal/cheatsheet/presets.go:388.37,424.2 1 18
github.com/srivickynesh/light-simulator/internal/cheatsheet/presets.go:426.37,472.2 1 18
github.com/srivickynesh/light-simulator/internal/cheatsheet/presets.go:474.34,527.2 1 18
github.com/srivickynesh/light-simulator/internal/cheatsheet/presets.go:529.37,582.2 1 18
github.com/srivickynesh/light-simulator/internal/cheatsheet/presets.go:584.39,636.2 1 18
github.com/srivickynesh/light-simulator/internal/cheatsheet/presets.go:638.32,692.2 1 18
github.com/srivickynesh/light-simulator/internal/cheatsheet/presets.go:694.40,741.2 1 18
github.com/srivickynesh/light-simulator/internal/cheatsheet/presets.go:743.39,783.2 1 18
github.com/srivickynesh/light-simulator/internal/cheatsheet/presets.go:785.38,832.2 1 18
github.com/srivickynesh/light-simulator/internal/cheatsheet/presets.go:834.36,881.2 1 18
github.com/srivickynesh/light-simulator/internal/cheatsheet/presets.go:883.36,931.2 1 18
github.com/srivickynesh/light-simulator/internal/cheatsheet/presets.go:933.39,991.2 1 18
github.com/srivickynesh/light-simulator/internal/cheatsheet/presets.go:993.37,1055.2 1 18
github.com/srivickynesh/light-simulator/internal/cheatsheet/presets.go:1057.33,1110.2 1 18
github.com/srivickynesh/light-simulator/internal/cheatsheet/presets.go:1112.33,1167.2 1 18
github.com/srivickynesh/light-simulator/internal/cheatsheet/presets.go:1169.34,1223.2 1 18
github.com/srivickynesh/light-simulator/internal/cheatsheet/presets.go:1225.40,1260.2 1 18
github.com/srivickynesh/light-simulator/internal/cheatsheet/presets.go:1262.41,1300.2 1 18
github.com/srivickynesh/light-simulator/internal/cheatsheet/presets.go:1302.39,1337.2 1 18
github.com/srivickynesh/light-simulator/internal/cheatsheet/presets.go:1339.52,1351.2 1 216
github.com/srivickynesh/light-simulator/internal/lighting/engine.go:55.50,62.30 3 40
github.com/srivickynesh/light-simulator/internal/lighting/engine.go:62.30,64.21 2 66
github.com/srivickynesh/light-simulator/internal/lighting/engine.go:64.21,65.12 1 1
github.com/srivickynesh/light-simulator/internal/lighting/engine.go:68.3,71.21 3 65
github.com/srivickynesh/light-simulator/internal/lighting/engine.go:72.23,73.36 1 37
github.com/srivickynesh/light-simulator/internal/lighting/engine.go:74.24,75.37 1 26
github.com/srivickynesh/light-simulator/internal/lighting/engine.go:79.2,81.43 2 40
github.com/srivickynesh/light-simulator/internal/lighting/engine.go:81.43,82.10 1 17
github.com/srivickynesh/light-simulator/internal/lighting/engine.go:83.31,84.39 1 8
github.com/srivickynesh/light-simulator/internal/lighting/engine.go:85.31,86.65 1 9
github.com/srivickynesh/light-simulator/internal/lighting/engine.go:90.2,90.23 1 40
github.com/srivickynesh/light-simulator/internal/lighting/engine.go:90.23,92.3 1 25
github.com/srivickynesh/light-simulator/internal/lighting/engine.go:92.8,92.29 1 15
github.com/srivickynesh/light-simulator/internal/lighting/engine.go:92.29,94.3 1 13
github.com/srivickynesh/light-simulator/internal/lighting/engine.go:96.2,102.17 6 40
github.com/srivickynesh/light-simulator/internal/lighting/engine.go:105.65,107.16 2 72
github.com/srivickynesh/light-simulator/internal/lighting/engine.go:107.16,109.3 1 1
github.com/srivickynesh/light-simulator/internal/lighting/engine.go:111.2,112.39 2 72
github.com/srivickynesh/light-simulator/internal/lighting/engine.go:112.39,120.3 3 3
github.com/srivickynesh/light-simulator/internal/lighting/engine.go:120.8,123.3 1 69
github.com/srivickynesh/light-simulator/internal/lighting/engine.go:125.2,126.39 2 72
github.com/srivickynesh/light-simulator/internal/lighting/engine.go:126.39,128.3 1 3
github.com/srivickynesh/light-simulator/internal/lighting/engine.go:129.2,129.21 1 72
github.com/srivickynesh/light-simulator/internal/lighting/engine.go:129.21,131.3 1 1
github.com/srivickynesh/light-simulator/internal/lighting/engine.go:133.2,134.39 2 72
github.com/srivickynesh/light-simulator/internal/lighting/engine.go:134.39,136.3 1 3
github.com/srivickynesh/light-simulator/internal/lighting/engine.go:138.2,148.3 2 72
github.com/srivickynesh/light-simulator/internal/lighting/engine.go:151.56,166.32 2 86
github.com/srivickynesh/light-simulator/internal/lighting/engine.go:166.32,168.3 1 84
github.com/srivickynesh/light-simulator/internal/lighting/engine.go:169.2,169.12 1 2
github.com/srivickynesh/light-simulator/internal/lighting/engine.go:172.66,173.52 1 118
github.com/srivickynesh/light-simulator/internal/lighting/engine.go:173.52,175.3 1 3
github.com/srivickynesh/light-simulator/internal/lighting/engine.go:176.2,190.29 2 115
github.com/srivickynesh/light-simulator/internal/lighting/engine.go:190.29,192.3 1 113
github.com/srivickynesh/light-simulator/internal/lighting/engine.go:193.2,193.11 1 2
github.com/srivickynesh/light-simulator/internal/lighting/engine.go:196.56,199.15 3 47
github.com/srivickynesh/light-simulator/internal/lighting/engine.go:199.15,201.3 1 1
github.com/srivickynesh/light-simulator/internal/lighting/engine.go:203.2,204.28 2 47
github.com/srivickynesh/light-simulator/internal/lighting/engine.go:204.28,206.85 2 28
github.com/srivickynesh/light-simulator/internal/lighting/engine.go:206.85,208.4 1 28
github.com/srivickynesh/light-simulator/internal/lighting/engine.go:208.9,208.81 1 0
github.com/srivickynesh/light-simulator/internal/lighting/engine.go:208.81,210.4 1 0
github.com/srivickynesh/light-simulator/internal/lighting/engine.go:212.2,212.25 1 47
github.com/srivickynesh/light-simulator/internal/lighting/engine.go:212.25,214.3 1 0
github.com/srivickynesh/light-simulator/internal/lighting/engine.go:216.2,217.14 2 47
github.com/srivickynesh/light-simulator/internal/lighting/engine.go:217.14,219.3 1 1
github.com/srivickynesh/light-simulator/internal/lighting/engine.go:221.2,222.31 2 47
github.com/srivickynesh/light-simulator/internal/lighting/engine.go:225.54,226.38 1 40
github.com/srivickynesh/light-simulator/internal/lighting/engine.go:226.38,228.3 1 2
github.com/srivickynesh/light-simulator/internal/lighting/engine.go:230.2,231.43 2 38
github.com/srivickynesh/light-simulator/internal/lighting/engine.go:231.43,233.3 1 65
github.com/srivickynesh/light-simulator/internal/lighting/engine.go:234.2,236.9 2 38
github.com/srivickynesh/light-simulator/internal/lighting/engine.go:237.25,238.16 1 29
github.com/srivickynesh/light-simulator/internal/lighting/engine.go:239.25,240.18 1 3
github.com/srivickynesh/light-simulator/internal/lighting/engine.go:241.10,242.16 1 6
github.com/srivickynesh/light-simulator/internal/lighting/engine.go:246.54,247.33 1 49
github.com/srivickynesh/light-simulator/internal/lighting/engine.go:247.33,248.44 1 48
github.com/srivickynesh/light-simulator/internal/lighting/engine.go:248.44,249.22 1 45
github.com/srivickynesh/light-simulator/internal/lighting/engine.go:250.32,251.23 1 3
github.com/srivickynesh/light-simulator/internal/lighting/engine.go:252.57,253.25 1 29
github.com/srivickynesh/light-simulator/internal/lighting/engine.go:254.35,255.27 1 2
github.com/srivickynesh/light-simulator/internal/lighting/engine.go:256.33,257.22 1 1
github.com/srivickynesh/light-simulator/internal/lighting/engine.go:258.34,259.23 1 1
github.com/srivickynesh/light-simulator/internal/lighting/engine.go:260.12,261.19 1 9
github.com/srivickynesh/light-simulator/internal/lighting/engine.go:265.2,265.15 1 4
github.com/srivickynesh/light-simulator/internal/lighting/engine.go:268.89,279.43 5 40
github.com/srivickynesh/light-simulator/internal/lighting/engine.go:279.43,282.22 3 65
github.com/srivickynesh/light-simulator/internal/lighting/engine.go:282.22,284.4 1 37
github.com/srivickynesh/light-simulator/internal/lighting/engine.go:290.2,292.43 3 40
github.com/srivickynesh/light-simulator/internal/lighting/engine.go:292.43,294.55 2 17
github.com/srivickynesh/light-simulator/internal/lighting/engine.go:294.55,296.4 1 2
github.com/srivickynesh/light-simulator/internal/lighting/engine.go:299.2,301.24 2 40
github.com/srivickynesh/light-simulator/internal/lighting/engine.go:301.24,302.26 1 37
github.com/srivickynesh/light-simulator/internal/lighting/engine.go:302.26,304.4 1 2
github.com/srivickynesh/light-simulator/internal/lighting/engine.go:305.3,311.30 5 37
github.com/srivickynesh/light-simulator/internal/lighting/engine.go:311.30,313.4 1 8
github.com/srivickynesh/light-simulator/internal/lighting/engine.go:313.9,315.4 1 29
github.com/srivickynesh/light-simulator/internal/lighting/engine.go:319.2,319.33 1 40
github.com/srivickynesh/light-simulator/internal/lighting/engine.go:319.33,321.3 1 37
github.com/srivickynesh/light-simulator/internal/lighting/engine.go:325.2,326.43 2 40
github.com/srivickynesh/light-simulator/internal/lighting/engine.go:326.43,327.32 1 17
github.com/srivickynesh/light-simulator/internal/lighting/engine.go:327.32,329.4 1 10
github.com/srivickynesh/light-simulator/internal/lighting/engine.go:330.3,330.57 1 17
github.com/srivickynesh/light-simulator/internal/lighting/engine.go:330.57,332.4 1 7
github.com/srivickynesh/light-simulator/internal/lighting/engine.go:335.2,336.22 2 40
github.com/srivickynesh/light-simulator/internal/lighting/engine.go:336.22,338.3 1 0
github.com/srivickynesh/light-simulator/internal/lighting/engine.go:339.2,340.56 2 40
github.com/srivickynesh/light-simulator/internal/lighting/engine.go:340.56,342.3 1 1
github.com/srivickynesh/light-simulator/internal/lighting/engine.go:342.8,342.64 1 39
github.com/srivickynesh/light-simulator/internal/lighting/engine.go:342.64,344.3 1 5
github.com/srivickynesh/light-simulator/internal/lighting/engine.go:345.2,351.16 5 40
github.com/srivickynesh/light-simulator/internal/lighting/engine.go:354.64,356.17 2 40
github.com/srivickynesh/light-simulator/internal/lighting/engine.go:357.14,358.16 1 5
github.com/srivickynesh/light-simulator/internal/lighting/engine.go:359.16,360.17 1 9
github.com/srivickynesh/light-simulator/internal/lighting/engine.go:361.10,362.17 1 26
github.com/srivickynesh/light-simulator/internal/lighting/engine.go:364.2,364.45 1 40
github.com/srivickynesh/light-simulator/internal/lighting/engine.go:367.58,372.2 1 40
github.com/srivickynesh/light-simulator/internal/lighting/engine.go:374.45,378.2 1 40
github.com/srivickynesh/light-simulator/internal/lighting/engine.go:380.78,384.33 3 40
github.com/srivickynesh/light-simulator/internal/lighting/engine.go:384.33,385.44 1 39
github.com/srivickynesh/light-simulator/internal/lighting/engine.go:385.44,387.9 2 37
github.com/srivickynesh/light-simulator/internal/lighting/engine.go:390.2,390.38 1 40
github.com/srivickynesh/light-simulator/internal/lighting/engine.go:390.38,392.3 1 2
github.com/srivickynesh/light-simulator/internal/lighting/engine.go:394.2,394.33 1 40
github.com/srivickynesh/light-simulator/internal/lighting/engine.go:394.33,396.3 1 15
github.com/srivickynesh/light-simulator/internal/lighting/engine.go:398.2,398.43 1 40
github.com/srivickynesh/light-simulator/internal/lighting/engine.go:398.43,399.24 1 65
github.com/srivickynesh/light-simulator/internal/lighting/engine.go:399.24,401.4 1 2
github.com/srivickynesh/light-simulator/internal/lighting/engine.go:405.2,406.33 2 40
github.com/srivickynesh/light-simulator/internal/lighting/engine.go:406.33,407.16 1 66
github.com/srivickynesh/light-simulator/internal/lighting/engine.go:407.16,409.4 1 65
github.com/srivickynesh/light-simulator/internal/lighting/engine.go:411.2,411.20 1 40
github.com/srivickynesh/light-simulator/internal/lighting/engine.go:411.20,413.31 2 25
github.com/srivickynesh/light-simulator/internal/lighting/engine.go:413.31,414.16 1 27
github.com/srivickynesh/light-simulator/internal/lighting/engine.go:414.16,416.5 1 0
github.com/srivickynesh/light-simulator/internal/lighting/engine.go:417.4,417.16 1 27
github.com/srivickynesh/light-simulator/internal/lighting/engine.go:417.16,419.5 1 1
github.com/srivickynesh/light-simulator/internal/lighting/engine.go:421.3,421.23 1 25
github.com/srivickynesh/light-simulator/internal/lighting/engine.go:421.23,423.4 1 1
github.com/srivickynesh/light-simulator/internal/lighting/engine.go:426.2,428.17 2 40
github.com/srivickynesh/light-simulator/internal/lighting/engine.go:431.58,436.33 4 40
github.com/srivickynesh/light-simulator/internal/lighting/engine.go:436.33,437.44 1 39
github.com/srivickynesh/light-simulator/internal/lighting/engine.go:437.44,440.9 3 37
github.com/srivickynesh/light-simulator/internal/lighting/engine.go:444.2,444.33 1 40
github.com/srivickynesh/light-simulator/internal/lighting/engine.go:444.33,445.17 1 18
github.com/srivickynesh/light-simulator/internal/lighting/engine.go:445.17,446.12 1 1
github.com/srivickynesh/light-simulator/internal/lighting/engine.go:448.3,448.51 1 17
github.com/srivickynesh/light-simulator/internal/lighting/engine.go:448.51,450.41 2 6
github.com/srivickynesh/light-simulator/internal/lighting/engine.go:450.41,452.5 1 1
github.com/srivickynesh/light-simulator/internal/lighting/engine.go:456.2,456.17 1 40
github.com/srivickynesh/light-simulator/internal/lighting/engine.go:459.91,460.28 1 40
github.com/srivickynesh/light-simulator/internal/lighting/engine.go:460.28,462.3 1 24
github.com/srivickynesh/light-simulator/internal/lighting/engine.go:467.2,468.30 2 16
github.com/srivickynesh/light-simulator/internal/lighting/engine.go:468.30,470.17 2 18
github.com/srivickynesh/light-simulator/internal/lighting/engine.go:470.17,471.12 1 1
github.com/srivickynesh/light-simulator/internal/lighting/engine.go:474.3,476.36 3 17
github.com/srivickynesh/light-simulator/internal/lighting/engine.go:478.2,478.16 1 16
github.com/srivickynesh/light-simulator/internal/lighting/engine.go:486.109,497.32 8 20
github.com/srivickynesh/light-simulator/internal/lighting/engine.go:497.32,498.44 1 36
github.com/srivickynesh/light-simulator/internal/lighting/engine.go:498.44,499.12 1 0
github.com/srivickynesh/light-simulator/internal/lighting/engine.go:502.3,502.40 1 36
github.com/srivickynesh/light-simulator/internal/lighting/engine.go:502.40,510.12 6 1
github.com/srivickynesh/light-simulator/internal/lighting/engine.go:513.3,520.20 7 35
github.com/srivickynesh/light-simulator/internal/lighting/engine.go:520.20,522.4 1 0
github.com/srivickynesh/light-simulator/internal/lighting/engine.go:524.3,528.21 4 35
github.com/srivickynesh/light-simulator/internal/lighting/engine.go:528.21,530.4 1 0
github.com/srivickynesh/light-simulator/internal/lighting/engine.go:531.3,538.27 6 35
github.com/srivickynesh/light-simulator/internal/lighting/engine.go:538.27,539.12 1 3
github.com/srivickynesh/light-simulator/internal/lighting/engine.go:542.3,549.28 6 32
github.com/srivickynesh/light-simulator/internal/lighting/engine.go:553.2,553.38 1 20
github.com/srivickynesh/light-simulator/internal/lighting/engine.go:553.38,555.30 2 2
github.com/srivickynesh/light-simulator/internal/lighting/engine.go:555.30,557.4 1 3
github.com/srivickynesh/light-simulator/internal/lighting/engine.go:558.3,558.43 1 2
github.com/srivickynesh/light-simulator/internal/lighting/engine.go:561.2,561.14 1 20
github.com/srivickynesh/light-simulator/internal/lighting/engine.go:564.113,566.21 2 17
github.com/srivickynesh/light-simulator/internal/lighting/engine.go:566.21,568.3 1 0
github.com/srivickynesh/light-simulator/internal/lighting/engine.go:570.2,572.16 2 17
github.com/srivickynesh/light-simulator/internal/lighting/engine.go:573.31,574.79 1 5
github.com/srivickynesh/light-simulator/internal/lighting/engine.go:575.32,576.79 1 1
github.com/srivickynesh/light-simulator/internal/lighting/engine.go:577.30,578.81 1 2
github.com/srivickynesh/light-simulator/internal/lighting/engine.go:579.32,580.76 1 6
github.com/srivickynesh/light-simulator/internal/lighting/engine.go:581.24,582.68 1 1
github.com/srivickynesh/light-simulator/internal/lighting/engine.go:583.29,584.73 1 2
github.com/srivickynesh/light-simulator/internal/lighting/engine.go:585.10,586.58 1 0
github.com/srivickynesh/light-simulator/internal/lighting/engine.go:590.138,598.19 4 8
github.com/srivickynesh/light-simulator/internal/lighting/engine.go:598.19,600.3 1 2
github.com/srivickynesh/light-simulator/internal/lighting/engine.go:602.2,609.3 1 8
github.com/srivickynesh/light-simulator/internal/lighting/engine.go:612.107,630.2 5 6
github.com/srivickynesh/light-simulator/internal/lighting/engine.go:632.99,647.2 5 1
github.com/srivickynesh/light-simulator/internal/lighting/engine.go:649.96,666.2 4 2
github.com/srivickynesh/light-simulator/internal/lighting/engine.go:668.53,669.14 1 22
github.com/srivickynesh/light-simulator/internal/lighting/engine.go:670.29,671.13 1 2
github.com/srivickynesh/light-simulator/internal/lighting/engine.go:672.30,673.14 1 3
github.com/srivickynesh/light-simulator/internal/lighting/engine.go:674.29,675.14 1 12
github.com/srivickynesh/light-simulator/internal/lighting/engine.go:676.30,677.13 1 4
github.com/srivickynesh/light-simulator/internal/lighting/engine.go:678.10,679.13 1 1
github.com/srivickynesh/light-simulator/internal/lighting/engine.go:683.36,685.36 2 166
github.com/srivickynesh/light-simulator/internal/lighting/engine.go:685.36,687.3 1 71
github.com/srivickynesh/light-simulator/internal/lighting/engine.go:688.2,688.37 1 95
github.com/srivickynesh/light-simulator/internal/imgproc/bgremove.go:15.54,17.16 2 2
github.com/srivickynesh/light-simulator/internal/imgproc/bgremove.go:17.16,19.3 1 1
github.com/srivickynesh/light-simulator/internal/imgproc/bgremove.go:20.2,20.15 1 1
github.com/srivickynesh/light-simulator/internal/imgproc/bgremove.go:20.15,20.38 1 1
github.com/srivickynesh/light-simulator/internal/imgproc/bgremove.go:22.2,23.16 2 1
github.com/srivickynesh/light-simulator/internal/imgproc/bgremove.go:23.16,25.3 1 0
github.com/srivickynesh/light-simulator/internal/imgproc/bgremove.go:27.2,30.16 3 1
github.com/srivickynesh/light-simulator/internal/imgproc/bgremove.go:30.16,32.3 1 0
github.com/srivickynesh/light-simulator/internal/imgproc/bgremove.go:33.2,33.15 1 1
github.com/srivickynesh/light-simulator/internal/imgproc/bgremove.go:33.15,33.38 1 1
github.com/srivickynesh/light-simulator/internal/imgproc/bgremove.go:35.2,35.36 1 1
github.com/srivickynesh/light-simulator/internal/imgproc/bgremove.go:39.61,41.16 2 3
github.com/srivickynesh/light-simulator/internal/imgproc/bgremove.go:41.16,43.3 1 1
github.com/srivickynesh/light-simulator/internal/imgproc/bgremove.go:45.2,46.30 2 2
github.com/srivickynesh/light-simulator/internal/imgproc/bgremove.go:49.62,57.47 6 5
github.com/srivickynesh/light-simulator/internal/imgproc/bgremove.go:57.47,58.48 1 490
github.com/srivickynesh/light-simulator/internal/imgproc/bgremove.go:58.48,72.24 10 62500
github.com/srivickynesh/light-simulator/internal/imgproc/bgremove.go:72.24,74.5 1 50272
github.com/srivickynesh/light-simulator/internal/imgproc/bgremove.go:74.10,74.41 1 12228
github.com/srivickynesh/light-simulator/internal/imgproc/bgremove.go:74.41,76.5 1 15
github.com/srivickynesh/light-simulator/internal/imgproc/bgremove.go:76.10,78.5 1 12213
github.com/srivickynesh/light-simulator/internal/imgproc/bgremove.go:80.4,80.69 1 62500
github.com/srivickynesh/light-simulator/internal/imgproc/bgremove.go:84.2,84.15 1 5
github.com/srivickynesh/light-simulator/internal/imgproc/bgremove.go:93.54,99.22 5 7
github.com/srivickynesh/light-simulator/internal/imgproc/bgremove.go:99.22,101.3 1 1
github.com/srivickynesh/light-simulator/internal/imgproc/bgremove.go:102.2,102.22 1 7
github.com/srivickynesh/light-simulator/internal/imgproc/bgremove.go:102.22,104.3 1 0
github.com/srivickynesh/light-simulator/internal/imgproc/bgremove.go:105.2,105.20 1 7
github.com/srivickynesh/light-simulator/internal/imgproc/bgremove.go:105.20,107.3 1 1
github.com/srivickynesh/light-simulator/internal/imgproc/bgremove.go:109.2,112.37 3 7
github.com/srivickynesh/light-simulator/internal/imgproc/bgremove.go:112.37,113.38 1 61
github.com/srivickynesh/light-simulator/internal/imgproc/bgremove.go:113.38,120.31 2 601
github.com/srivickynesh/light-simulator/internal/imgproc/bgremove.go:120.31,126.5 5 2404
github.com/srivickynesh/light-simulator/internal/imgproc/bgremove.go:130.2,130.16 1 7
github.com/srivickynesh/light-simulator/internal/imgproc/bgremove.go:130.16,132.3 1 0
github.com/srivickynesh/light-simulator/internal/imgproc/bgremove.go:134.2,138.3 1 7
github.com/srivickynesh/light-simulator/internal/imgproc/bgremove.go:141.58,146.2 4 62505
github.com/srivickynesh/light-simulator/internal/imgproc/bgremove.go:150.50,151.31 1 62504
github.com/srivickynesh/light-simulator/internal/imgproc/bgremove.go:151.31,153.3 1 1
github.com/srivickynesh/light-simulator/internal/imgproc/bgremove.go:154.2,162.25 4 62503
github.com/srivickynesh/light-simulator/internal/imgproc/bgremove.go:162.25,164.3 1 30626
github.com/srivickynesh/light-simulator/internal/imgproc/bgremove.go:165.2,165.34 1 31877
github.com/srivickynesh/light-simulator/internal/middleware/middleware.go:11.81,12.37 1 1
github.com/srivickynesh/light-simulator/internal/middleware/middleware.go:12.37,14.3 1 2
github.com/srivickynesh/light-simulator/internal/middleware/middleware.go:15.2,15.10 1 1
github.com/srivickynesh/light-simulator/internal/middleware/middleware.go:19.66,20.46 1 2
github.com/srivickynesh/light-simulator/internal/middleware/middleware.go:20.46,21.72 1 2
github.com/srivickynesh/light-simulator/internal/middleware/middleware.go:21.72,34.4 4 2
github.com/srivickynesh/light-simulator/internal/middleware/middleware.go:39.67,40.46 1 1
github.com/srivickynesh/light-simulator/internal/middleware/middleware.go:40.46,41.72 1 1
github.com/srivickynesh/light-simulator/internal/middleware/middleware.go:41.72,42.17 1 1
github.com/srivickynesh/light-simulator/internal/middleware/middleware.go:42.17,43.37 1 1
github.com/srivickynesh/light-simulator/internal/middleware/middleware.go:43.37,49.6 2 1
github.com/srivickynesh/light-simulator/internal/middleware/middleware.go:51.4,51.24 1 1
github.com/srivickynesh/light-simulator/internal/middleware/middleware.go:57.43,58.71 1 2
github.com/srivickynesh/light-simulator/internal/middleware/middleware.go:58.71,64.37 5 2
github.com/srivickynesh/light-simulator/internal/middleware/middleware.go:64.37,67.4 2 1
github.com/srivickynesh/light-simulator/internal/middleware/middleware.go:68.3,68.23 1 1
github.com/srivickynesh/light-simulator/internal/middleware/middleware.go:73.54,74.71 1 1
github.com/srivickynesh/light-simulator/internal/middleware/middleware.go:74.71,79.3 4 1
github.com/srivickynesh/light-simulator/internal/middleware/middleware.go:87.47,90.2 2 2
github.com/srivickynesh/light-simulator/internal/handlers/api.go:16.20,18.2 1 20
github.com/srivickynesh/light-simulator/internal/handlers/api.go:21.50,29.2 7 1
github.com/srivickynesh/light-simulator/internal/handlers/api.go:32.67,34.2 1 3
github.com/srivickynesh/light-simulator/internal/handlers/api.go:37.65,39.44 2 8
github.com/srivickynesh/light-simulator/internal/handlers/api.go:39.44,40.17 1 82
github.com/srivickynesh/light-simulator/internal/handlers/api.go:40.17,43.4 2 7
github.com/srivickynesh/light-simulator/internal/handlers/api.go:45.2,45.83 1 1
github.com/srivickynesh/light-simulator/internal/handlers/api.go:49.68,50.15 1 5
github.com/srivickynesh/light-simulator/internal/handlers/api.go:50.15,50.37 1 5
github.com/srivickynesh/light-simulator/internal/handlers/api.go:52.2,53.63 2 5
github.com/srivickynesh/light-simulator/internal/handlers/api.go:53.63,56.3 2 1
github.com/srivickynesh/light-simulator/internal/handlers/api.go:58.2,59.39 2 4
github.com/srivickynesh/light-simulator/internal/handlers/api.go:63.66,65.2 1 3
github.com/srivickynesh/light-simulator/internal/handlers/api.go:68.69,70.2 1 3
github.com/srivickynesh/light-simulator/internal/handlers/api.go:73.65,75.2 1 3
github.com/srivickynesh/light-simulator/internal/handlers/api.go:78.62,80.2 1 3
github.com/srivickynesh/light-simulator/internal/handlers/api.go:82.61,85.56 3 44
github.com/srivickynesh/light-simulator/internal/handlers/api.go:85.56,87.3 1 0
github.com/srivickynesh/light-simulator/internal/handlers/pages.go:23.75,30.2 1 0
github.com/srivickynesh/light-simulator/internal/handlers/pages.go:33.75,40.2 1 0
github.com/srivickynesh/light-simulator/internal/handlers/pages.go:43.52,47.2 3 0
github.com/srivickynesh/light-simulator/internal/handlers/pages.go:50.63,51.23 1 0
github.com/srivickynesh/light-simulator/internal/handlers/pages.go:51.23,54.3 2 0
github.com/srivickynesh/light-simulator/internal/handlers/pages.go:55.2,55.32 1 0
github.com/srivickynesh/light-simulator/internal/handlers/pages.go:59.67,61.2 1 0
github.com/srivickynesh/light-simulator/internal/handlers/pages.go:64.68,66.2 1 0
github.com/srivickynesh/light-simulator/internal/handlers/pages.go:68.70,70.16 2 0
github.com/srivickynesh/light-simulator/internal/handlers/pages.go:70.16,74.3 3 0
github.com/srivickynesh/light-simulator/internal/handlers/pages.go:76.2,77.46 2 0
github.com/srivickynesh/light-simulator/internal/handlers/pages.go:77.46,79.3 1 0
github.com/srivickynesh/light-simulator/internal/handlers/pages.go:82.71,83.14 1 0
github.com/srivickynesh/light-simulator/internal/handlers/pages.go:83.14,85.36 2 0
github.com/srivickynesh/light-simulator/internal/handlers/pages.go:85.36,88.4 2 0
github.com/srivickynesh/light-simulator/internal/handlers/pages.go:89.3,89.17 1 0
github.com/srivickynesh/light-simulator/internal/handlers/pages.go:92.2,95.25 3 0
github.com/srivickynesh/light-simulator/internal/handlers/pages.go:95.25,97.3 1 0
github.com/srivickynesh/light-simulator/internal/handlers/pages.go:97.8,101.3 3 0
github.com/srivickynesh/light-simulator/internal/handlers/pages.go:102.2,102.16 1 0
github.com/srivickynesh/light-simulator/internal/handlers/pages.go:102.16,104.3 1 0
github.com/srivickynesh/light-simulator/internal/handlers/pages.go:106.2,106.14 1 0
github.com/srivickynesh/light-simulator/internal/handlers/pages.go:106.14,110.3 3 0
github.com/srivickynesh/light-simulator/internal/handlers/pages.go:112.2,112.18 1 0
github.com/srivickynesh/light-simulator/internal/handlers/upload.go:26.76,35.2 1 9
github.com/srivickynesh/light-simulator/internal/handlers/upload.go:38.53,41.2 2 1
github.com/srivickynesh/light-simulator/internal/handlers/upload.go:45.71,48.57 2 16
github.com/srivickynesh/light-simulator/internal/handlers/upload.go:48.57,51.3 2 1
github.com/srivickynesh/light-simulator/internal/handlers/upload.go:53.2,54.16 2 15
github.com/srivickynesh/light-simulator/internal/handlers/upload.go:54.16,57.3 2 1
github.com/srivickynesh/light-simulator/internal/handlers/upload.go:58.2,58.15 1 14
github.com/srivickynesh/light-simulator/internal/handlers/upload.go:58.15,58.35 1 14
github.com/srivickynesh/light-simulator/internal/handlers/upload.go:60.2,61.24 2 14
github.com/srivickynesh/light-simulator/internal/handlers/upload.go:61.24,66.3 2 7
github.com/srivickynesh/light-simulator/internal/handlers/upload.go:68.2,68.56 1 7
github.com/srivickynesh/light-simulator/internal/handlers/upload.go:68.56,72.3 3 0
github.com/srivickynesh/light-simulator/internal/handlers/upload.go:74.2,78.16 4 7
github.com/srivickynesh/light-simulator/internal/handlers/upload.go:78.16,82.3 3 0
github.com/srivickynesh/light-simulator/internal/handlers/upload.go:84.2,84.47 1 7
github.com/srivickynesh/light-simulator/internal/handlers/upload.go:84.47,89.3 4 0
github.com/srivickynesh/light-simulator/internal/handlers/upload.go:90.2,95.74 4 7
github.com/srivickynesh/light-simulator/internal/handlers/upload.go:95.74,104.3 4 0
github.com/srivickynesh/light-simulator/internal/handlers/upload.go:106.2,112.4 2 7
github.com/srivickynesh/light-simulator/internal/handlers/upload.go:115.42,117.40 2 16
github.com/srivickynesh/light-simulator/internal/handlers/upload.go:117.40,119.3 1 0
github.com/srivickynesh/light-simulator/internal/handlers/upload.go:120.2,120.36 1 16
github.com/srivickynesh/light-simulator/cmd/server/main.go:21.13,22.30 1 0
github.com/srivickynesh/light-simulator/cmd/server/main.go:22.30,25.3 2 0
github.com/srivickynesh/light-simulator/cmd/server/main.go:28.18,30.16 2 0
github.com/srivickynesh/light-simulator/cmd/server/main.go:30.16,32.3 1 0
github.com/srivickynesh/light-simulator/cmd/server/main.go:34.2,35.29 2 0
github.com/srivickynesh/light-simulator/cmd/server/main.go:35.29,37.3 1 0
github.com/srivickynesh/light-simulator/cmd/server/main.go:39.2,45.16 5 0
github.com/srivickynesh/light-simulator/cmd/server/main.go:45.16,47.3 1 0
github.com/srivickynesh/light-simulator/cmd/server/main.go:48.2,51.16 3 0
github.com/srivickynesh/light-simulator/cmd/server/main.go:51.16,53.3 1 0
github.com/srivickynesh/light-simulator/cmd/server/main.go:54.2,84.12 10 0
github.com/srivickynesh/light-simulator/cmd/server/main.go:84.12,86.87 2 0
github.com/srivickynesh/light-simulator/cmd/server/main.go:86.87,88.4 1 0
github.com/srivickynesh/light-simulator/cmd/server/main.go:89.3,89.15 1 0
github.com/srivickynesh/light-simulator/cmd/server/main.go:92.2,95.9 3 0
github.com/srivickynesh/light-simulator/cmd/server/main.go:96.21,97.57 1 0
github.com/srivickynesh/light-simulator/cmd/server/main.go:98.22,99.17 1 0
github.com/srivickynesh/light-simulator/cmd/server/main.go:99.17,101.4 1 0
github.com/srivickynesh/light-simulator/cmd/server/main.go:104.2,107.42 3 0
github.com/srivickynesh/light-simulator/cmd/server/main.go:107.42,109.3 1 0
github.com/srivickynesh/light-simulator/cmd/server/main.go:111.2,112.12 2 0
