mode: atomic
github.com/srivickynesh/light-simulator/internal/imgproc/bgremove.go:15.54,17.16 2 2
github.com/srivickynesh/light-simulator/internal/imgproc/bgremove.go:17.16,19.3 1 1
github.com/srivickynesh/light-simulator/internal/imgproc/bgremove.go:20.2,20.15 1 1
github.com/srivickynesh/light-simulator/internal/imgproc/bgremove.go:20.15,20.38 1 1
github.com/srivickynesh/light-simulator/internal/imgproc/bgremove.go:22.2,23.16 2 1
github.com/srivickynesh/light-simulator/internal/imgproc/bgremove.go:23.16,25.3 1 0
github.com/srivickynesh/light-simulator/internal/imgproc/bgremove.go:27.2,30.16 3 1
github.com/srivickynesh/light-simulator/internal/imgproc/bgremove.go:30.16,32.3 1 0
github.com/srivickynesh/light-simulator/internal/imgproc/bgremove.go:33.2,33.15 1 1
github.com/srivickynesh/light-simulator/internal/imgproc/bgremove.go:33.15,33.38 1 1
github.com/srivickynesh/light-simulator/internal/imgproc/bgremove.go:35.2,35.36 1 1
github.com/srivickynesh/light-simulator/internal/imgproc/bgremove.go:39.61,41.16 2 3
github.com/srivickynesh/light-simulator/internal/imgproc/bgremove.go:41.16,43.3 1 1
github.com/srivickynesh/light-simulator/internal/imgproc/bgremove.go:45.2,46.30 2 2
github.com/srivickynesh/light-simulator/internal/imgproc/bgremove.go:49.62,57.47 6 5
github.com/srivickynesh/light-simulator/internal/imgproc/bgremove.go:57.47,58.48 1 490
github.com/srivickynesh/light-simulator/internal/imgproc/bgremove.go:58.48,72.24 10 62500
github.com/srivickynesh/light-simulator/internal/imgproc/bgremove.go:72.24,74.5 1 50272
github.com/srivickynesh/light-simulator/internal/imgproc/bgremove.go:74.10,74.41 1 12228
github.com/srivickynesh/light-simulator/internal/imgproc/bgremove.go:74.41,76.5 1 15
github.com/srivickynesh/light-simulator/internal/imgproc/bgremove.go:76.10,78.5 1 12213
github.com/srivickynesh/light-simulator/internal/imgproc/bgremove.go:80.4,80.69 1 62500
github.com/srivickynesh/light-simulator/internal/imgproc/bgremove.go:84.2,84.15 1 5
github.com/srivickynesh/light-simulator/internal/imgproc/bgremove.go:93.54,99.22 5 7
github.com/srivickynesh/light-simulator/internal/imgproc/bgremove.go:99.22,101.3 1 1
github.com/srivickynesh/light-simulator/internal/imgproc/bgremove.go:102.2,102.22 1 7
github.com/srivickynesh/light-simulator/internal/imgproc/bgremove.go:102.22,104.3 1 0
github.com/srivickynesh/light-simulator/internal/imgproc/bgremove.go:105.2,105.20 1 7
github.com/srivickynesh/light-simulator/internal/imgproc/bgremove.go:105.20,107.3 1 1
github.com/srivickynesh/light-simulator/internal/imgproc/bgremove.go:109.2,112.37 3 7
github.com/srivickynesh/light-simulator/internal/imgproc/bgremove.go:112.37,113.38 1 61
github.com/srivickynesh/light-simulator/internal/imgproc/bgremove.go:113.38,120.31 2 601
github.com/srivickynesh/light-simulator/internal/imgproc/bgremove.go:120.31,126.5 5 2404
github.com/srivickynesh/light-simulator/internal/imgproc/bgremove.go:130.2,130.16 1 7
github.com/srivickynesh/light-simulator/internal/imgproc/bgremove.go:130.16,132.3 1 0
github.com/srivickynesh/light-simulator/internal/imgproc/bgremove.go:134.2,138.3 1 7
github.com/srivickynesh/light-simulator/internal/imgproc/bgremove.go:141.58,146.2 4 62505
github.com/srivickynesh/light-simulator/internal/imgproc/bgremove.go:150.50,151.31 1 62504
github.com/srivickynesh/light-simulator/internal/imgproc/bgremove.go:151.31,153.3 1 1
github.com/srivickynesh/light-simulator/internal/imgproc/bgremove.go:154.2,162.25 4 62503
github.com/srivickynesh/light-simulator/internal/imgproc/bgremove.go:162.25,164.3 1 30626
github.com/srivickynesh/light-simulator/internal/imgproc/bgremove.go:165.2,165.34 1 31877
github.com/srivickynesh/light-simulator/internal/config/config.go:39.30,53.38 2 6
github.com/srivickynesh/light-simulator/internal/config/config.go:53.38,55.3 1 2
github.com/srivickynesh/light-simulator/internal/config/config.go:57.2,57.17 1 4
github.com/srivickynesh/light-simulator/internal/config/config.go:61.32,63.2 1 4
github.com/srivickynesh/light-simulator/internal/config/config.go:66.32,68.2 1 2
github.com/srivickynesh/light-simulator/internal/config/config.go:70.42,71.34 1 36
github.com/srivickynesh/light-simulator/internal/config/config.go:71.34,73.3 1 7
github.com/srivickynesh/light-simulator/internal/config/config.go:74.2,74.17 1 29
github.com/srivickynesh/light-simulator/internal/config/config.go:77.43,78.34 1 24
github.com/srivickynesh/light-simulator/internal/config/config.go:78.34,80.17 2 8
github.com/srivickynesh/light-simulator/internal/config/config.go:80.17,82.4 1 1
github.com/srivickynesh/light-simulator/internal/config/config.go:83.3,83.11 1 7
github.com/srivickynesh/light-simulator/internal/config/config.go:85.2,85.17 1 16
github.com/srivickynesh/light-simulator/internal/cheatsheet/guides.go:36.33,122.2 1 3
github.com/srivickynesh/light-simulator/internal/cheatsheet/guides.go:125.39,258.2 1 3
github.com/srivickynesh/light-simulator/internal/cheatsheet/guides.go:261.31,271.2 1 2
github.com/srivickynesh/light-simulator/internal/cheatsheet/presets.go:6.35,33.2 1 15
github.com/srivickynesh/light-simulator/internal/cheatsheet/presets.go:36.53,38.33 2 3
github.com/srivickynesh/light-simulator/internal/cheatsheet/presets.go:38.33,40.3 1 72
github.com/srivickynesh/light-simulator/internal/cheatsheet/presets.go:41.2,41.15 1 3
github.com/srivickynesh/light-simulator/internal/cheatsheet/presets.go:44.32,80.2 1 15
github.com/srivickynesh/light-simulator/internal/cheatsheet/presets.go:82.32,117.2 1 15
github.com/srivickynesh/light-simulator/internal/cheatsheet/presets.go:119.33,147.2 1 15
github.com/srivickynesh/light-simulator/internal/cheatsheet/presets.go:149.35,183.2 1 15
github.com/srivickynesh/light-simulator/internal/cheatsheet/presets.go:185.32,220.2 1 15
github.com/srivickynesh/light-simulator/internal/cheatsheet/presets.go:222.33,255.2 1 15
github.com/srivickynesh/light-simulator/internal/cheatsheet/presets.go:257.33,284.2 1 15
github.com/srivickynesh/light-simulator/internal/cheatsheet/presets.go:286.38,335.2 1 15
github.com/srivickynesh/light-simulator/internal/cheatsheet/presets.go:337.37,366.2 1 15
github.com/srivickynesh/light-simulator/internal/cheatsheet/presets.go:368.37,409.2 1 15
github.com/srivickynesh/light-simulator/internal/cheatsheet/presets.go:411.34,457.2 1 15
github.com/srivickynesh/light-simulator/internal/cheatsheet/presets.go:459.37,507.2 1 15
github.com/srivickynesh/light-simulator/internal/cheatsheet/presets.go:509.39,556.2 1 15
github.com/srivickynesh/light-simulator/internal/cheatsheet/presets.go:558.32,601.2 1 15
github.com/srivickynesh/light-simulator/internal/cheatsheet/presets.go:603.40,645.2 1 15
github.com/srivickynesh/light-simulator/internal/cheatsheet/presets.go:647.39,682.2 1 15
github.com/srivickynesh/light-simulator/internal/cheatsheet/presets.go:684.38,726.2 1 15
github.com/srivickynesh/light-simulator/internal/cheatsheet/presets.go:728.36,768.2 1 15
github.com/srivickynesh/light-simulator/internal/cheatsheet/presets.go:770.36,811.2 1 15
github.com/srivickynesh/light-simulator/internal/cheatsheet/presets.go:813.39,862.2 1 15
github.com/srivickynesh/light-simulator/internal/cheatsheet/presets.go:864.37,919.2 1 15
github.com/srivickynesh/light-simulator/internal/cheatsheet/presets.go:921.33,965.2 1 15
github.com/srivickynesh/light-simulator/internal/cheatsheet/presets.go:967.33,1015.2 1 15
github.com/srivickynesh/light-simulator/internal/cheatsheet/presets.go:1017.34,1066.2 1 15
github.com/srivickynesh/light-simulator/internal/cheatsheet/presets.go:1068.52,1080.2 1 180
github.com/srivickynesh/light-simulator/internal/middleware/middleware.go:11.81,12.37 1 1
github.com/srivickynesh/light-simulator/internal/middleware/middleware.go:12.37,14.3 1 2
github.com/srivickynesh/light-simulator/internal/middleware/middleware.go:15.2,15.10 1 1
github.com/srivickynesh/light-simulator/internal/middleware/middleware.go:19.66,20.46 1 2
github.com/srivickynesh/light-simulator/internal/middleware/middleware.go:20.46,21.72 1 2
github.com/srivickynesh/light-simulator/internal/middleware/middleware.go:21.72,34.4 4 2
github.com/srivickynesh/light-simulator/internal/middleware/middleware.go:39.67,40.46 1 1
github.com/srivickynesh/light-simulator/internal/middleware/middleware.go:40.46,41.72 1 1
github.com/srivickynesh/light-simulator/internal/middleware/middleware.go:41.72,42.17 1 1
github.com/srivickynesh/light-simulator/internal/middleware/middleware.go:42.17,43.37 1 1
github.com/srivickynesh/light-simulator/internal/middleware/middleware.go:43.37,49.6 2 1
github.com/srivickynesh/light-simulator/internal/middleware/middleware.go:51.4,51.24 1 1
github.com/srivickynesh/light-simulator/internal/middleware/middleware.go:57.43,58.71 1 2
github.com/srivickynesh/light-simulator/internal/middleware/middleware.go:58.71,64.37 5 2
github.com/srivickynesh/light-simulator/internal/middleware/middleware.go:64.37,67.4 2 1
github.com/srivickynesh/light-simulator/internal/middleware/middleware.go:68.3,68.23 1 1
github.com/srivickynesh/light-simulator/internal/middleware/middleware.go:73.54,74.71 1 1
github.com/srivickynesh/light-simulator/internal/middleware/middleware.go:74.71,79.3 4 1
github.com/srivickynesh/light-simulator/internal/middleware/middleware.go:87.47,90.2 2 2
github.com/srivickynesh/light-simulator/internal/handlers/api.go:16.20,18.2 1 18
github.com/srivickynesh/light-simulator/internal/handlers/api.go:21.50,29.2 7 1
github.com/srivickynesh/light-simulator/internal/handlers/api.go:32.67,34.2 1 3
github.com/srivickynesh/light-simulator/internal/handlers/api.go:37.65,39.44 2 7
github.com/srivickynesh/light-simulator/internal/handlers/api.go:39.44,40.17 1 78
github.com/srivickynesh/light-simulator/internal/handlers/api.go:40.17,43.4 2 6
github.com/srivickynesh/light-simulator/internal/handlers/api.go:45.2,45.83 1 1
github.com/srivickynesh/light-simulator/internal/handlers/api.go:49.68,50.15 1 4
github.com/srivickynesh/light-simulator/internal/handlers/api.go:50.15,50.37 1 4
github.com/srivickynesh/light-simulator/internal/handlers/api.go:52.2,53.63 2 4
github.com/srivickynesh/light-simulator/internal/handlers/api.go:53.63,56.3 2 1
github.com/srivickynesh/light-simulator/internal/handlers/api.go:58.2,59.39 2 3
github.com/srivickynesh/light-simulator/internal/handlers/api.go:63.66,65.2 1 3
github.com/srivickynesh/light-simulator/internal/handlers/api.go:68.69,70.2 1 3
github.com/srivickynesh/light-simulator/internal/handlers/api.go:73.65,75.2 1 3
github.com/srivickynesh/light-simulator/internal/handlers/api.go:78.62,80.2 1 3
github.com/srivickynesh/light-simulator/internal/handlers/api.go:82.61,85.56 3 42
github.com/srivickynesh/light-simulator/internal/handlers/api.go:85.56,87.3 1 0
github.com/srivickynesh/light-simulator/internal/handlers/pages.go:21.75,28.2 1 0
github.com/srivickynesh/light-simulator/internal/handlers/pages.go:31.52,35.2 3 0
github.com/srivickynesh/light-simulator/internal/handlers/pages.go:38.63,39.23 1 0
github.com/srivickynesh/light-simulator/internal/handlers/pages.go:39.23,42.3 2 0
github.com/srivickynesh/light-simulator/internal/handlers/pages.go:43.2,43.32 1 0
github.com/srivickynesh/light-simulator/internal/handlers/pages.go:47.67,49.2 1 0
github.com/srivickynesh/light-simulator/internal/handlers/pages.go:52.68,54.2 1 0
github.com/srivickynesh/light-simulator/internal/handlers/pages.go:56.70,58.16 2 0
github.com/srivickynesh/light-simulator/internal/handlers/pages.go:58.16,62.3 3 0
github.com/srivickynesh/light-simulator/internal/handlers/pages.go:64.2,65.46 2 0
github.com/srivickynesh/light-simulator/internal/handlers/pages.go:65.46,67.3 1 0
github.com/srivickynesh/light-simulator/internal/handlers/pages.go:70.71,71.14 1 0
github.com/srivickynesh/light-simulator/internal/handlers/pages.go:71.14,73.36 2 0
github.com/srivickynesh/light-simulator/internal/handlers/pages.go:73.36,76.4 2 0
github.com/srivickynesh/light-simulator/internal/handlers/pages.go:77.3,77.17 1 0
github.com/srivickynesh/light-simulator/internal/handlers/pages.go:80.2,84.16 4 0
github.com/srivickynesh/light-simulator/internal/handlers/pages.go:84.16,86.3 1 0
github.com/srivickynesh/light-simulator/internal/handlers/pages.go:88.2,88.14 1 0
github.com/srivickynesh/light-simulator/internal/handlers/pages.go:88.14,92.3 3 0
github.com/srivickynesh/light-simulator/internal/handlers/pages.go:94.2,94.18 1 0
github.com/srivickynesh/light-simulator/internal/handlers/upload.go:26.76,35.2 1 9
github.com/srivickynesh/light-simulator/internal/handlers/upload.go:38.53,41.2 2 1
github.com/srivickynesh/light-simulator/internal/handlers/upload.go:45.71,48.57 2 16
github.com/srivickynesh/light-simulator/internal/handlers/upload.go:48.57,51.3 2 1
github.com/srivickynesh/light-simulator/internal/handlers/upload.go:53.2,54.16 2 15
github.com/srivickynesh/light-simulator/internal/handlers/upload.go:54.16,57.3 2 1
github.com/srivickynesh/light-simulator/internal/handlers/upload.go:58.2,58.15 1 14
github.com/srivickynesh/light-simulator/internal/handlers/upload.go:58.15,58.35 1 14
github.com/srivickynesh/light-simulator/internal/handlers/upload.go:60.2,61.24 2 14
github.com/srivickynesh/light-simulator/internal/handlers/upload.go:61.24,66.3 2 7
github.com/srivickynesh/light-simulator/internal/handlers/upload.go:68.2,68.56 1 7
github.com/srivickynesh/light-simulator/internal/handlers/upload.go:68.56,72.3 3 0
github.com/srivickynesh/light-simulator/internal/handlers/upload.go:74.2,78.16 4 7
github.com/srivickynesh/light-simulator/internal/handlers/upload.go:78.16,82.3 3 0
github.com/srivickynesh/light-simulator/internal/handlers/upload.go:84.2,84.47 1 7
github.com/srivickynesh/light-simulator/internal/handlers/upload.go:84.47,89.3 4 0
github.com/srivickynesh/light-simulator/internal/handlers/upload.go:90.2,95.74 4 7
github.com/srivickynesh/light-simulator/internal/handlers/upload.go:95.74,104.3 4 0
github.com/srivickynesh/light-simulator/internal/handlers/upload.go:106.2,112.4 2 7
github.com/srivickynesh/light-simulator/internal/handlers/upload.go:115.42,117.40 2 16
github.com/srivickynesh/light-simulator/internal/handlers/upload.go:117.40,119.3 1 0
github.com/srivickynesh/light-simulator/internal/handlers/upload.go:120.2,120.36 1 16
github.com/srivickynesh/light-simulator/cmd/server/main.go:19.13,20.30 1 0
github.com/srivickynesh/light-simulator/cmd/server/main.go:20.30,23.3 2 0
github.com/srivickynesh/light-simulator/cmd/server/main.go:26.18,28.16 2 0
github.com/srivickynesh/light-simulator/cmd/server/main.go:28.16,30.3 1 0
github.com/srivickynesh/light-simulator/cmd/server/main.go:32.2,33.29 2 0
github.com/srivickynesh/light-simulator/cmd/server/main.go:33.29,35.3 1 0
github.com/srivickynesh/light-simulator/cmd/server/main.go:37.2,77.12 15 0
github.com/srivickynesh/light-simulator/cmd/server/main.go:77.12,79.87 2 0
github.com/srivickynesh/light-simulator/cmd/server/main.go:79.87,81.4 1 0
github.com/srivickynesh/light-simulator/cmd/server/main.go:82.3,82.15 1 0
github.com/srivickynesh/light-simulator/cmd/server/main.go:85.2,88.9 3 0
github.com/srivickynesh/light-simulator/cmd/server/main.go:89.21,90.57 1 0
github.com/srivickynesh/light-simulator/cmd/server/main.go:91.22,92.17 1 0
github.com/srivickynesh/light-simulator/cmd/server/main.go:92.17,94.4 1 0
github.com/srivickynesh/light-simulator/cmd/server/main.go:97.2,100.42 3 0
github.com/srivickynesh/light-simulator/cmd/server/main.go:100.42,102.3 1 0
github.com/srivickynesh/light-simulator/cmd/server/main.go:104.2,105.12 2 0
github.com/srivickynesh/light-simulator/internal/lighting/engine.go:44.50,51.30 3 18
github.com/srivickynesh/light-simulator/internal/lighting/engine.go:51.30,53.21 2 25
github.com/srivickynesh/light-simulator/internal/lighting/engine.go:53.21,54.12 1 1
github.com/srivickynesh/light-simulator/internal/lighting/engine.go:57.3,60.21 3 24
github.com/srivickynesh/light-simulator/internal/lighting/engine.go:61.23,62.36 1 15
github.com/srivickynesh/light-simulator/internal/lighting/engine.go:63.24,64.37 1 7
github.com/srivickynesh/light-simulator/internal/lighting/engine.go:68.2,68.23 1 18
github.com/srivickynesh/light-simulator/internal/lighting/engine.go:68.23,70.3 1 7
github.com/srivickynesh/light-simulator/internal/lighting/engine.go:72.2,78.17 6 18
github.com/srivickynesh/light-simulator/internal/lighting/engine.go:81.65,83.16 2 28
github.com/srivickynesh/light-simulator/internal/lighting/engine.go:83.16,85.3 1 1
github.com/srivickynesh/light-simulator/internal/lighting/engine.go:88.2,91.21 3 28
github.com/srivickynesh/light-simulator/internal/lighting/engine.go:91.21,93.3 1 1
github.com/srivickynesh/light-simulator/internal/lighting/engine.go:95.2,107.3 3 28
github.com/srivickynesh/light-simulator/internal/lighting/engine.go:110.56,125.32 2 42
github.com/srivickynesh/light-simulator/internal/lighting/engine.go:125.32,127.3 1 40
github.com/srivickynesh/light-simulator/internal/lighting/engine.go:128.2,128.12 1 2
github.com/srivickynesh/light-simulator/internal/lighting/engine.go:131.66,132.52 1 39
github.com/srivickynesh/light-simulator/internal/lighting/engine.go:132.52,134.3 1 3
github.com/srivickynesh/light-simulator/internal/lighting/engine.go:135.2,149.29 2 36
github.com/srivickynesh/light-simulator/internal/lighting/engine.go:149.29,151.3 1 34
github.com/srivickynesh/light-simulator/internal/lighting/engine.go:152.2,152.11 1 2
github.com/srivickynesh/light-simulator/internal/lighting/engine.go:155.56,158.15 3 21
github.com/srivickynesh/light-simulator/internal/lighting/engine.go:158.15,160.3 1 1
github.com/srivickynesh/light-simulator/internal/lighting/engine.go:162.2,163.28 2 21
github.com/srivickynesh/light-simulator/internal/lighting/engine.go:163.28,166.3 1 3
github.com/srivickynesh/light-simulator/internal/lighting/engine.go:168.2,169.14 2 21
github.com/srivickynesh/light-simulator/internal/lighting/engine.go:169.14,171.3 1 1
github.com/srivickynesh/light-simulator/internal/lighting/engine.go:173.2,174.31 2 21
github.com/srivickynesh/light-simulator/internal/lighting/engine.go:177.54,178.38 1 18
github.com/srivickynesh/light-simulator/internal/lighting/engine.go:178.38,180.3 1 2
github.com/srivickynesh/light-simulator/internal/lighting/engine.go:182.2,183.43 2 16
github.com/srivickynesh/light-simulator/internal/lighting/engine.go:183.43,185.3 1 24
github.com/srivickynesh/light-simulator/internal/lighting/engine.go:186.2,188.9 2 16
github.com/srivickynesh/light-simulator/internal/lighting/engine.go:189.25,190.16 1 10
github.com/srivickynesh/light-simulator/internal/lighting/engine.go:191.25,192.18 1 3
github.com/srivickynesh/light-simulator/internal/lighting/engine.go:193.10,194.16 1 3
github.com/srivickynesh/light-simulator/internal/lighting/engine.go:198.54,199.33 1 27
github.com/srivickynesh/light-simulator/internal/lighting/engine.go:199.33,200.44 1 26
github.com/srivickynesh/light-simulator/internal/lighting/engine.go:200.44,201.22 1 23
github.com/srivickynesh/light-simulator/internal/lighting/engine.go:202.32,203.23 1 3
github.com/srivickynesh/light-simulator/internal/lighting/engine.go:204.57,205.25 1 10
github.com/srivickynesh/light-simulator/internal/lighting/engine.go:206.35,207.27 1 2
github.com/srivickynesh/light-simulator/internal/lighting/engine.go:208.33,209.22 1 1
github.com/srivickynesh/light-simulator/internal/lighting/engine.go:210.34,211.23 1 1
github.com/srivickynesh/light-simulator/internal/lighting/engine.go:212.12,213.19 1 6
github.com/srivickynesh/light-simulator/internal/lighting/engine.go:217.2,217.15 1 4
github.com/srivickynesh/light-simulator/internal/lighting/engine.go:220.89,231.43 5 18
github.com/srivickynesh/light-simulator/internal/lighting/engine.go:231.43,234.22 3 24
github.com/srivickynesh/light-simulator/internal/lighting/engine.go:234.22,236.4 1 15
github.com/srivickynesh/light-simulator/internal/lighting/engine.go:239.2,239.24 1 18
github.com/srivickynesh/light-simulator/internal/lighting/engine.go:239.24,248.30 5 16
github.com/srivickynesh/light-simulator/internal/lighting/engine.go:248.30,250.4 1 1
github.com/srivickynesh/light-simulator/internal/lighting/engine.go:250.9,252.4 1 15
github.com/srivickynesh/light-simulator/internal/lighting/engine.go:256.2,256.33 1 18
github.com/srivickynesh/light-simulator/internal/lighting/engine.go:256.33,258.3 1 6
github.com/srivickynesh/light-simulator/internal/lighting/engine.go:261.2,262.22 2 18
github.com/srivickynesh/light-simulator/internal/lighting/engine.go:262.22,264.3 1 0
github.com/srivickynesh/light-simulator/internal/lighting/engine.go:265.2,272.16 5 18
github.com/srivickynesh/light-simulator/internal/lighting/engine.go:275.64,277.17 2 18
github.com/srivickynesh/light-simulator/internal/lighting/engine.go:278.14,279.16 1 3
github.com/srivickynesh/light-simulator/internal/lighting/engine.go:280.16,281.17 1 3
github.com/srivickynesh/light-simulator/internal/lighting/engine.go:282.10,283.17 1 12
github.com/srivickynesh/light-simulator/internal/lighting/engine.go:285.2,285.45 1 18
github.com/srivickynesh/light-simulator/internal/lighting/engine.go:288.58,293.2 1 18
github.com/srivickynesh/light-simulator/internal/lighting/engine.go:295.45,299.2 1 18
github.com/srivickynesh/light-simulator/internal/lighting/engine.go:301.78,305.33 3 18
github.com/srivickynesh/light-simulator/internal/lighting/engine.go:305.33,306.44 1 17
github.com/srivickynesh/light-simulator/internal/lighting/engine.go:306.44,308.9 2 15
github.com/srivickynesh/light-simulator/internal/lighting/engine.go:311.2,311.38 1 18
github.com/srivickynesh/light-simulator/internal/lighting/engine.go:311.38,313.3 1 2
github.com/srivickynesh/light-simulator/internal/lighting/engine.go:315.2,315.33 1 18
github.com/srivickynesh/light-simulator/internal/lighting/engine.go:315.33,317.3 1 2
github.com/srivickynesh/light-simulator/internal/lighting/engine.go:319.2,319.43 1 18
github.com/srivickynesh/light-simulator/internal/lighting/engine.go:319.43,320.24 1 24
github.com/srivickynesh/light-simulator/internal/lighting/engine.go:320.24,322.4 1 2
github.com/srivickynesh/light-simulator/internal/lighting/engine.go:326.2,327.33 2 18
github.com/srivickynesh/light-simulator/internal/lighting/engine.go:327.33,328.16 1 25
github.com/srivickynesh/light-simulator/internal/lighting/engine.go:328.16,330.4 1 24
github.com/srivickynesh/light-simulator/internal/lighting/engine.go:332.2,332.20 1 18
github.com/srivickynesh/light-simulator/internal/lighting/engine.go:332.20,334.31 2 6
github.com/srivickynesh/light-simulator/internal/lighting/engine.go:334.31,335.16 1 8
github.com/srivickynesh/light-simulator/internal/lighting/engine.go:335.16,337.5 1 0
github.com/srivickynesh/light-simulator/internal/lighting/engine.go:338.4,338.16 1 8
github.com/srivickynesh/light-simulator/internal/lighting/engine.go:338.16,340.5 1 1
github.com/srivickynesh/light-simulator/internal/lighting/engine.go:342.3,342.23 1 6
github.com/srivickynesh/light-simulator/internal/lighting/engine.go:342.23,344.4 1 1
github.com/srivickynesh/light-simulator/internal/lighting/engine.go:347.2,347.17 1 18
github.com/srivickynesh/light-simulator/internal/lighting/engine.go:350.36,352.36 2 78
github.com/srivickynesh/light-simulator/internal/lighting/engine.go:352.36,354.3 1 50
github.com/srivickynesh/light-simulator/internal/lighting/engine.go:355.2,355.37 1 28
